<?xml version="1.0" encoding="UTF-8"?>
<!-- Generated by org.testng.reporters.JUnitReportReporter -->
<testsuite skipped="0" hostname="SAVENKAT-LT" name="Soap.testRunner" tests="1" failures="0" timestamp="07 Jun 2020 07:04:20 GMT" time="8.261" errors="0">
  <testcase name="testRun1" time="8.261" classname="Soap.testRunner"/>
</testsuite> <!-- Soap.testRunner -->
