<?xml version="1.0" encoding="UTF-8"?>
<!-- Generated by org.testng.reporters.JUnitReportReporter -->
<testsuite skipped="0" hostname="SAVENKAT-LT" name="Rest.restRunner" tests="1" failures="0" timestamp="07 Jun 2020 07:04:20 GMT" time="0.500" errors="0">
  <testcase name="testRun1" time="0.500" classname="Rest.restRunner"/>
</testsuite> <!-- Rest.restRunner -->
